2018-01-30 09:11:12.549  INFO 1460 --- [main] com.dx.ss.data.rebate.RebateApplication  : Starting RebateApplication on DESKTOP-SDF81H8 with PID 1460 (F:\mine\rebate\target\classes started by Eric in F:\mine\rebate)
2018-01-30 09:11:12.551  INFO 1460 --- [main] com.dx.ss.data.rebate.RebateApplication  : The following profiles are active: dev
2018-01-30 09:11:12.656  INFO 1460 --- [main] ationConfigEmbeddedWebApplicationContext : Refreshing org.springframework.boot.context.embedded.AnnotationConfigEmbeddedWebApplicationContext@65045a87: startup date [Tue Jan 30 09:11:12 CST 2018]; root of context hierarchy
2018-01-30 09:11:13.486  INFO 1460 --- [main] o.s.b.f.s.DefaultListableBeanFactory     : Overriding bean definition for bean 'dataSource' with a different definition: replacing [Root bean: class [null]; scope=; abstract=false; lazyInit=false; autowireMode=3; dependencyCheck=0; autowireCandidate=true; primary=false; factoryBeanName=org.springframework.boot.autoconfigure.jdbc.DataSourceConfiguration$Generic; factoryMethodName=dataSource; initMethodName=null; destroyMethodName=(inferred); defined in class path resource [org/springframework/boot/autoconfigure/jdbc/DataSourceConfiguration$Generic.class]] with [Root bean: class [null]; scope=; abstract=false; lazyInit=false; autowireMode=3; dependencyCheck=0; autowireCandidate=true; primary=false; factoryBeanName=org.springframework.boot.autoconfigure.jdbc.DataSourceConfiguration$Hikari; factoryMethodName=dataSource; initMethodName=null; destroyMethodName=(inferred); defined in class path resource [org/springframework/boot/autoconfigure/jdbc/DataSourceConfiguration$Hikari.class]]
2018-01-30 09:11:13.519  WARN 1460 --- [main] o.m.s.mapper.ClassPathMapperScanner      : No MyBatis mapper was found in '[com.dx.ss.data.rebate]' package. Please check your configuration.
2018-01-30 09:11:13.598  WARN 1460 --- [main] o.s.c.a.ConfigurationClassPostProcessor  : Cannot enhance @Configuration bean definition 'myBatisMapperScannerConfig' since its singleton instance has been created too early. The typical cause is a non-static @Bean method with a BeanDefinitionRegistryPostProcessor return type: Consider declaring such methods as 'static'.
2018-01-30 09:11:14.585  INFO 1460 --- [main] s.b.c.e.t.TomcatEmbeddedServletContainer : Tomcat initialized with port(s): 8100 (http)
2018-01-30 09:11:14.594  INFO 1460 --- [main] o.apache.catalina.core.StandardService   : Starting service [Tomcat]
2018-01-30 09:11:14.595  INFO 1460 --- [main] org.apache.catalina.core.StandardEngine  : Starting Servlet Engine: Apache Tomcat/8.5.23
2018-01-30 09:11:14.681  INFO 1460 --- [localhost-startStop-1] o.a.c.c.C.[Tomcat].[localhost].[/]       : Initializing Spring embedded WebApplicationContext
2018-01-30 09:11:14.682  INFO 1460 --- [localhost-startStop-1] o.s.web.context.ContextLoader            : Root WebApplicationContext: initialization completed in 2026 ms
2018-01-30 09:11:14.849  INFO 1460 --- [localhost-startStop-1] o.s.b.w.servlet.ServletRegistrationBean  : Mapping servlet: 'dispatcherServlet' to [/]
2018-01-30 09:11:14.853  INFO 1460 --- [localhost-startStop-1] o.s.b.w.servlet.FilterRegistrationBean   : Mapping filter: 'characterEncodingFilter' to: [/*]
2018-01-30 09:11:14.854  INFO 1460 --- [localhost-startStop-1] o.s.b.w.servlet.FilterRegistrationBean   : Mapping filter: 'hiddenHttpMethodFilter' to: [/*]
2018-01-30 09:11:14.854  INFO 1460 --- [localhost-startStop-1] o.s.b.w.servlet.FilterRegistrationBean   : Mapping filter: 'httpPutFormContentFilter' to: [/*]
2018-01-30 09:11:14.854  INFO 1460 --- [localhost-startStop-1] o.s.b.w.servlet.FilterRegistrationBean   : Mapping filter: 'requestContextFilter' to: [/*]
2018-01-30 09:11:15.689  INFO 1460 --- [main] s.w.s.m.m.a.RequestMappingHandlerAdapter : Looking for @ControllerAdvice: org.springframework.boot.context.embedded.AnnotationConfigEmbeddedWebApplicationContext@65045a87: startup date [Tue Jan 30 09:11:12 CST 2018]; root of context hierarchy
2018-01-30 09:11:15.752  INFO 1460 --- [main] s.w.s.m.m.a.RequestMappingHandlerMapping : Mapped "{[/main]}" onto public java.lang.String com.dx.ss.data.rebate.controller.IndexController.toIndex(javax.servlet.http.HttpServletRequest,javax.servlet.http.HttpServletResponse)
2018-01-30 09:11:15.753  INFO 1460 --- [main] s.w.s.m.m.a.RequestMappingHandlerMapping : Mapped "{[/]}" onto public java.lang.String com.dx.ss.data.rebate.controller.IndexController.toLogin(javax.servlet.http.HttpServletRequest,javax.servlet.http.HttpServletResponse)
2018-01-30 09:11:15.754  INFO 1460 --- [main] s.w.s.m.m.a.RequestMappingHandlerMapping : Mapped "{[/top]}" onto public java.lang.String com.dx.ss.data.rebate.controller.MenuController.topMenu(javax.servlet.http.HttpServletRequest,javax.servlet.http.HttpServletResponse)
2018-01-30 09:11:15.755  INFO 1460 --- [main] s.w.s.m.m.a.RequestMappingHandlerMapping : Mapped "{[/welcome]}" onto public java.lang.String com.dx.ss.data.rebate.controller.MenuController.welcome(javax.servlet.http.HttpServletRequest,javax.servlet.http.HttpServletResponse)
2018-01-30 09:11:15.755  INFO 1460 --- [main] s.w.s.m.m.a.RequestMappingHandlerMapping : Mapped "{[/left]}" onto public java.lang.String com.dx.ss.data.rebate.controller.MenuController.leftMenu(javax.servlet.http.HttpServletRequest,javax.servlet.http.HttpServletResponse)
2018-01-30 09:11:15.755  INFO 1460 --- [main] s.w.s.m.m.a.RequestMappingHandlerMapping : Mapped "{[/right]}" onto public java.lang.String com.dx.ss.data.rebate.controller.MenuController.rightMenu(javax.servlet.http.HttpServletRequest,javax.servlet.http.HttpServletResponse)
2018-01-30 09:11:15.756  INFO 1460 --- [main] s.w.s.m.m.a.RequestMappingHandlerMapping : Mapped "{[/web/user/login.do],methods=[POST],produces=[application/json;charset=UTF-8]}" onto public com.dx.ss.data.rebate.vo.ResponseObj com.dx.ss.data.rebate.controller.UserController.doLogin(java.lang.String,java.lang.String)
2018-01-30 09:11:15.759  INFO 1460 --- [main] s.w.s.m.m.a.RequestMappingHandlerMapping : Mapped "{[/error]}" onto public org.springframework.http.ResponseEntity<java.util.Map<java.lang.String, java.lang.Object>> org.springframework.boot.autoconfigure.web.BasicErrorController.error(javax.servlet.http.HttpServletRequest)
2018-01-30 09:11:15.760  INFO 1460 --- [main] s.w.s.m.m.a.RequestMappingHandlerMapping : Mapped "{[/error],produces=[text/html]}" onto public org.springframework.web.servlet.ModelAndView org.springframework.boot.autoconfigure.web.BasicErrorController.errorHtml(javax.servlet.http.HttpServletRequest,javax.servlet.http.HttpServletResponse)
2018-01-30 09:11:15.802  INFO 1460 --- [main] o.s.w.s.handler.SimpleUrlHandlerMapping  : Mapped URL path [/webjars/**] onto handler of type [class org.springframework.web.servlet.resource.ResourceHttpRequestHandler]
2018-01-30 09:11:15.802  INFO 1460 --- [main] o.s.w.s.handler.SimpleUrlHandlerMapping  : Mapped URL path [/**] onto handler of type [class org.springframework.web.servlet.resource.ResourceHttpRequestHandler]
2018-01-30 09:11:15.844  INFO 1460 --- [main] o.s.w.s.handler.SimpleUrlHandlerMapping  : Mapped URL path [/**/favicon.ico] onto handler of type [class org.springframework.web.servlet.resource.ResourceHttpRequestHandler]
2018-01-30 09:11:16.462  INFO 1460 --- [main] o.s.j.e.a.AnnotationMBeanExporter        : Registering beans for JMX exposure on startup
2018-01-30 09:11:16.465  INFO 1460 --- [main] o.s.j.e.a.AnnotationMBeanExporter        : Bean with name 'dataSource' has been autodetected for JMX exposure
2018-01-30 09:11:16.470  INFO 1460 --- [main] o.s.j.e.a.AnnotationMBeanExporter        : Located MBean 'dataSource': registering with JMX server as MBean [com.zaxxer.hikari:name=dataSource,type=HikariDataSource]
2018-01-30 09:11:16.646  INFO 1460 --- [main] s.b.c.e.t.TomcatEmbeddedServletContainer : Tomcat started on port(s): 8100 (http)
2018-01-30 09:11:16.650  INFO 1460 --- [main] com.dx.ss.data.rebate.RebateApplication  : Started RebateApplication in 4.646 seconds (JVM running for 7.2)
2018-01-30 09:11:16.651  INFO 1460 --- [main] com.dx.ss.data.rebate.RebateApplication  : 
----------------------------------------------------------
	Application 'rebate' is running! Access URLs:
	Local: 		http://127.0.0.1:8100
	External: 	http://192.168.0.88:8100
	----------------------------------------------------------
